2021-01-30 12:39:35,544:main.py:INFO:Connecting Google Sheets Engenharia de Software Desafio [Diego Arthur]
2021-01-30 12:39:36,387:main.py:INFO:Read Student enrollment: 1
2021-01-30 12:39:36,651:main.py:INFO:   Checking Frequency
2021-01-30 12:39:36,651:main.py:INFO:   Checking Score
2021-01-30 12:39:37,393:main.py:INFO:       Update Situation
2021-01-30 12:39:37,881:main.py:INFO:           Score for final approval
2021-01-30 12:39:37,882:main.py:INFO:Read Student enrollment: 2
2021-01-30 12:39:38,133:main.py:INFO:   Checking Frequency
2021-01-30 12:39:38,134:main.py:INFO:   Checking Score
2021-01-30 12:39:38,914:main.py:INFO:       Update Situation
2021-01-30 12:39:39,427:main.py:INFO:           Score for final approval
2021-01-30 12:39:39,427:main.py:INFO:Read Student enrollment: 3
2021-01-30 12:39:39,680:main.py:INFO:   Checking Frequency
2021-01-30 12:39:39,680:main.py:INFO:       Update Situation
2021-01-30 12:39:40,202:main.py:INFO:           Score for final approval
2021-01-30 12:39:40,202:main.py:INFO:Read Student enrollment: 4
2021-01-30 12:39:40,450:main.py:INFO:   Checking Frequency
2021-01-30 12:39:40,450:main.py:INFO:       Update Situation
2021-01-30 12:39:40,966:main.py:INFO:           Score for final approval
2021-01-30 12:39:40,966:main.py:INFO:Read Student enrollment: 5
2021-01-30 12:39:41,212:main.py:INFO:   Checking Frequency
2021-01-30 12:39:41,212:main.py:INFO:   Checking Score
2021-01-30 12:39:42,031:main.py:INFO:       Update Situation
2021-01-30 12:39:42,519:main.py:INFO:           Score for final approval
2021-01-30 12:39:42,519:main.py:INFO:Read Student enrollment: 6
2021-01-30 12:39:42,768:main.py:INFO:   Checking Frequency
2021-01-30 12:39:42,769:main.py:INFO:       Update Situation
2021-01-30 12:39:43,227:main.py:INFO:           Score for final approval
2021-01-30 12:39:43,227:main.py:INFO:Read Student enrollment: 7
2021-01-30 12:39:43,478:main.py:INFO:   Checking Frequency
2021-01-30 12:39:43,478:main.py:INFO:   Checking Score
2021-01-30 12:39:44,208:main.py:INFO:       Update Situation
2021-01-30 12:39:44,695:main.py:INFO:           Score for final approval
2021-01-30 12:39:44,695:main.py:INFO:Read Student enrollment: 8
2021-01-30 12:39:44,953:main.py:INFO:   Checking Frequency
2021-01-30 12:39:44,954:main.py:INFO:   Checking Score
2021-01-30 12:39:45,673:main.py:INFO:       Update Situation
2021-01-30 12:39:46,152:main.py:INFO:           Score for final approval
2021-01-30 12:39:46,152:main.py:INFO:Read Student enrollment: 9
2021-01-30 12:39:46,412:main.py:INFO:   Checking Frequency
2021-01-30 12:39:46,412:main.py:INFO:   Checking Score
2021-01-30 12:39:47,050:main.py:INFO:       Update Situation
2021-01-30 12:39:47,579:main.py:INFO:           Score for final approval
2021-01-30 12:39:47,579:main.py:INFO:Read Student enrollment: 10
2021-01-30 12:39:47,899:main.py:INFO:   Checking Frequency
2021-01-30 12:39:47,899:main.py:INFO:   Checking Score
2021-01-30 12:39:48,579:main.py:INFO:       Update Situation
2021-01-30 12:39:49,033:main.py:INFO:           Score for final approval
2021-01-30 12:39:49,033:main.py:INFO:Read Student enrollment: 11
2021-01-30 12:39:49,297:main.py:INFO:   Checking Frequency
2021-01-30 12:39:49,297:main.py:INFO:   Checking Score
2021-01-30 12:39:50,020:main.py:INFO:       Update Situation
2021-01-30 12:39:50,482:main.py:INFO:           Score for final approval
2021-01-30 12:39:50,482:main.py:INFO:Read Student enrollment: 12
2021-01-30 12:39:50,728:main.py:INFO:   Checking Frequency
2021-01-30 12:39:50,728:main.py:INFO:   Checking Score
2021-01-30 12:39:51,578:main.py:INFO:       Update Situation
2021-01-30 12:39:52,027:main.py:INFO:           Score for final approval
2021-01-30 12:39:52,027:main.py:INFO:Read Student enrollment: 13
2021-01-30 12:39:52,274:main.py:INFO:   Checking Frequency
2021-01-30 12:39:52,274:main.py:INFO:       Update Situation
2021-01-30 12:39:52,724:main.py:INFO:           Score for final approval
2021-01-30 12:39:52,724:main.py:INFO:Read Student enrollment: 14
2021-01-30 12:39:52,981:main.py:INFO:   Checking Frequency
2021-01-30 12:39:52,981:main.py:INFO:   Checking Score
2021-01-30 12:39:53,629:main.py:INFO:       Update Situation
2021-01-30 12:39:54,077:main.py:INFO:           Score for final approval
2021-01-30 12:39:54,077:main.py:INFO:Read Student enrollment: 15
2021-01-30 12:39:54,291:main.py:INFO:   Checking Frequency
2021-01-30 12:39:54,291:main.py:INFO:       Update Situation
2021-01-30 12:39:54,754:main.py:INFO:           Score for final approval
2021-01-30 12:39:54,754:main.py:INFO:Read Student enrollment: 16
2021-01-30 12:39:54,978:main.py:INFO:   Checking Frequency
2021-01-30 12:39:54,978:main.py:INFO:   Checking Score
2021-01-30 12:39:55,740:main.py:INFO:       Update Situation
2021-01-30 12:39:56,230:main.py:INFO:           Score for final approval
2021-01-30 12:39:56,230:main.py:INFO:Read Student enrollment: 17
2021-01-30 12:39:56,468:main.py:INFO:   Checking Frequency
2021-01-30 12:39:56,468:main.py:INFO:       Update Situation
2021-01-30 12:39:56,932:main.py:INFO:           Score for final approval
2021-01-30 12:39:56,932:main.py:INFO:Read Student enrollment: 18
2021-01-30 12:39:57,145:main.py:INFO:   Checking Frequency
2021-01-30 12:39:57,145:main.py:INFO:   Checking Score
2021-01-30 12:39:57,806:main.py:INFO:       Update Situation
2021-01-30 12:39:58,260:main.py:INFO:           Score for final approval
2021-01-30 12:39:58,260:main.py:INFO:Read Student enrollment: 19
2021-01-30 12:39:58,481:main.py:INFO:   Checking Frequency
2021-01-30 12:39:58,481:main.py:INFO:   Checking Score
2021-01-30 12:39:59,162:main.py:INFO:       Update Situation
2021-01-30 12:39:59,620:main.py:INFO:           Score for final approval
2021-01-30 12:39:59,620:main.py:INFO:Read Student enrollment: 20
2021-01-30 12:39:59,840:main.py:INFO:   Checking Frequency
2021-01-30 12:39:59,840:main.py:INFO:       Update Situation
2021-01-30 12:40:00,295:main.py:INFO:           Score for final approval
2021-01-30 12:40:00,295:main.py:INFO:Read Student enrollment: 21
2021-01-30 12:40:00,515:main.py:INFO:   Checking Frequency
2021-01-30 12:40:00,515:main.py:INFO:       Update Situation
2021-01-30 12:40:00,972:main.py:INFO:           Score for final approval
2021-01-30 12:40:00,972:main.py:INFO:Read Student enrollment: 22
2021-01-30 12:40:01,215:main.py:INFO:   Checking Frequency
2021-01-30 12:40:01,215:main.py:INFO:   Checking Score
2021-01-30 12:40:01,852:main.py:INFO:       Update Situation
2021-01-30 12:40:02,351:main.py:INFO:           Score for final approval
2021-01-30 12:40:02,351:main.py:INFO:Read Student enrollment: 23
2021-01-30 12:40:02,569:main.py:INFO:   Checking Frequency
2021-01-30 12:40:02,569:main.py:INFO:   Checking Score
2021-01-30 12:40:03,249:main.py:INFO:       Update Situation
2021-01-30 12:40:03,705:main.py:INFO:           Score for final approval
2021-01-30 12:40:03,705:main.py:INFO:Read Student enrollment: 24
2021-01-30 12:40:03,987:main.py:INFO:   Checking Frequency
2021-01-30 12:40:03,987:main.py:INFO:   Checking Score
2021-01-30 12:40:04,371:main.py:ERROR:Quota exceeded for quota metric (Read requests) and (limit Read requests per minute per user) of service.
2021-01-30 12:40:04,371:main.py:INFO:Please check your Google Cloud Platform service at https://cloud.google.com/compute/quotas
